[debug] [2021-07-25T06:51:48.955Z] ----------------------------------------------------------------------
[debug] [2021-07-25T06:51:48.960Z] Command:       C:\Program Files\nodejs\node.exe C:\Users\townc\AppData\Roaming\npm\node_modules\firebase-tools\lib\bin\firebase.js init
[debug] [2021-07-25T06:51:48.961Z] CLI Version:   9.16.0
[debug] [2021-07-25T06:51:48.961Z] Platform:      win32
[debug] [2021-07-25T06:51:48.961Z] Node Version:  v14.17.3
[debug] [2021-07-25T06:51:48.974Z] Time:          Sun Jul 25 2021 01:51:48 GMT-0500 (hora estándar de Colombia)
[debug] [2021-07-25T06:51:48.975Z] ----------------------------------------------------------------------
[debug] 
[debug] [2021-07-25T06:51:49.126Z] > command requires scopes: ["email","openid","https://www.googleapis.com/auth/cloudplatformprojects.readonly","https://www.googleapis.com/auth/firebase","https://www.googleapis.com/auth/cloud-platform"]
[debug] [2021-07-25T06:51:49.127Z] > authorizing via signed-in user (alejoyepes.18@gmail.com)
[info] 
     ######## #### ########  ######## ########     ###     ######  ########
     ##        ##  ##     ## ##       ##     ##  ##   ##  ##       ##
     ######    ##  ########  ######   ########  #########  ######  ######
     ##        ##  ##    ##  ##       ##     ## ##     ##       ## ##
     ##       #### ##     ## ######## ########  ##     ##  ######  ########

You're about to initialize a Firebase project in this directory:

  C:\Users\townc\AndroidStudioProjects\Proyecto_Esmeralda

Before we get started, keep in mind:

  * You are initializing within an existing Firebase project directory

[info] 
=== Project Setup
[info] 
[info] First, let's associate this project directory with a Firebase project.
[info] You can create multiple project aliases by running firebase use --add, 
[info] but for now we'll just set up a default project.
[info] 
[info] i  .firebaserc already has a default project, using jjcompany-5aa5b. 
[debug] [2021-07-25T06:51:57.060Z] >>> [apiv2][query] GET https://firebase.googleapis.com/v1beta1/projects/jjcompany-5aa5b [none]
[debug] [2021-07-25T06:51:57.876Z] <<< [apiv2][status] GET https://firebase.googleapis.com/v1beta1/projects/jjcompany-5aa5b 200
[debug] [2021-07-25T06:51:57.876Z] <<< [apiv2][body] GET https://firebase.googleapis.com/v1beta1/projects/jjcompany-5aa5b {"projectId":"jjcompany-5aa5b","projectNumber":"157511174955","displayName":"JJCOMPANY","name":"projects/jjcompany-5aa5b","resources":{"hostingSite":"jjcompany-5aa5b","realtimeDatabaseInstance":"jjcompany-5aa5b-default-rtdb","storageBucket":"jjcompany-5aa5b.appspot.com","locationId":"us-central"},"state":"ACTIVE"}
[info] 
=== Hosting Setup
[info] 
[info] Your public directory is the folder (relative to your project directory) that
[info] will contain Hosting assets to be uploaded with firebase deploy. If you
[info] have a build process for your assets, use your build's output directory.
[info] 
[debug] [2021-07-25T06:52:03.729Z] >>> [apiv2][query] GET https://www.gstatic.com/firebasejs/releases.json [none]
[debug] [2021-07-25T06:52:03.885Z] <<< [apiv2][status] GET https://www.gstatic.com/firebasejs/releases.json 200
[debug] [2021-07-25T06:52:03.886Z] <<< [apiv2][body] GET https://www.gstatic.com/firebasejs/releases.json {"current":{"version":"8.8.0","browserURL":"https://www.gstatic.com/firebasejs/8.8.0/firebase.js","packageURL":"https://www.gstatic.com/firebasejs/8.8.0/firebase.tgz"},"live":{"version":"8.8","browserURL":"https://www.gstatic.com/firebasejs/live/8.8/firebase.js","packageURL":"https://www.gstatic.com/firebasejs/live/8.8/firebase.tgz"},"components":{"analytics":"https://www.gstatic.com/firebasejs/8.8.0/firebase-analytics.js","app":"https://www.gstatic.com/firebasejs/8.8.0/firebase-app.js","app-check":"https://www.gstatic.com/firebasejs/8.8.0/firebase-app-check.js","auth":"https://www.gstatic.com/firebasejs/8.8.0/firebase-auth.js","database":"https://www.gstatic.com/firebasejs/8.8.0/firebase-database.js","firestore":"https://www.gstatic.com/firebasejs/8.8.0/firebase-firestore.js","functions":"https://www.gstatic.com/firebasejs/8.8.0/firebase-functions.js","installations":"https://www.gstatic.com/firebasejs/8.8.0/firebase-installations.js","messaging":"https://www.gstatic.com/firebasejs/8.8.0/firebase-messaging.js","storage":"https://www.gstatic.com/firebasejs/8.8.0/firebase-storage.js","performance":"https://www.gstatic.com/firebasejs/8.8.0/firebase-performance.js","remote-config":"https://www.gstatic.com/firebasejs/8.8.0/firebase-remote-config.js","firestore.memory":"https://www.gstatic.com/firebasejs/8.8.0/firebase-firestore.memory.js"}}
[info] +  Wrote public/index.html 
[info] 
[info] i  Didn't detect a .git folder. Assuming C:\Users\townc\AndroidStudioProjects\Proyecto_Esmeralda is the project root. 
[info] i  Authorizing with GitHub to upload your service account to a GitHub repository's secrets store. 
[info] 
[info] Visit this URL on this device to log in:
[info] https://github.com/login/oauth/authorize?client_id=89cf50f02ac6aaed3484&state=51139815&redirect_uri=http%3A%2F%2Flocalhost%3A9005&scope=read%3Auser%20repo%20public_repo
[info] 
[info] Waiting for authentication...
[debug] [2021-07-25T06:52:05.169Z] >>> HTTP REQUEST POST https://github.com/login/oauth/access_token  
 {"client_id":"89cf50f02ac6aaed3484","client_secret":"3330d14abc895d9a74d5f17cd7a00711fa2c5bf0","code":"db0bc47f6c01b55c2ac4","redirect_uri":"http://localhost:9005","state":"51139815"}
[debug] [2021-07-25T06:52:05.512Z] <<< HTTP RESPONSE 200 {"server":"GitHub.com","date":"Sun, 25 Jul 2021 06:52:06 GMT","content-type":"application/json; charset=utf-8","transfer-encoding":"chunked","vary":"X-PJAX, Accept-Encoding, Accept, X-Requested-With","permissions-policy":"interest-cohort=()","etag":"W/\"54811a5906b33626327f6d6f92b62e9b\"","cache-control":"max-age=0, private, must-revalidate","strict-transport-security":"max-age=31536000; includeSubdomains; preload","x-frame-options":"deny","x-content-type-options":"nosniff","x-xss-protection":"0","referrer-policy":"origin-when-cross-origin, strict-origin-when-cross-origin","expect-ct":"max-age=2592000, report-uri=\"https://api.github.com/_private/browser/errors\"","content-security-policy":"default-src 'none'; base-uri 'self'; block-all-mixed-content; connect-src 'self' uploads.github.com www.githubstatus.com collector.githubapp.com api.github.com github-cloud.s3.amazonaws.com github-production-repository-file-5c1aeb.s3.amazonaws.com github-production-upload-manifest-file-7fdce7.s3.amazonaws.com github-production-user-asset-6210df.s3.amazonaws.com cdn.optimizely.com logx.optimizely.com/v1/events translator.github.com wss://alive.github.com; font-src github.githubassets.com; form-action 'self' github.com gist.github.com; frame-ancestors 'none'; frame-src render.githubusercontent.com render-temp.githubusercontent.com viewscreen.githubusercontent.com; img-src 'self' data: github.githubassets.com identicons.github.com collector.githubapp.com github-cloud.s3.amazonaws.com secured-user-images.githubusercontent.com/ *.githubusercontent.com; manifest-src 'self'; media-src 'none'; script-src github.githubassets.com; style-src 'unsafe-inline' github.githubassets.com; worker-src github.com/socket-worker-3f088aa2.js gist.github.com/socket-worker-3f088aa2.js","x-github-request-id":"E3B1:3491:1DB6A84:328A1C8:60FD0A16"}
[debug] [2021-07-25T06:52:05.518Z] >>> [apiv2][query] GET https://api.github.com/user [none]
[debug] [2021-07-25T06:52:05.910Z] <<< [apiv2][status] GET https://api.github.com/user 200
[debug] [2021-07-25T06:52:05.910Z] <<< [apiv2][body] GET https://api.github.com/user {"login":"jhojanalejandro","id":55243536,"node_id":"MDQ6VXNlcjU1MjQzNTM2","avatar_url":"https://avatars.githubusercontent.com/u/55243536?v=4","gravatar_id":"","url":"https://api.github.com/users/jhojanalejandro","html_url":"https://github.com/jhojanalejandro","followers_url":"https://api.github.com/users/jhojanalejandro/followers","following_url":"https://api.github.com/users/jhojanalejandro/following{/other_user}","gists_url":"https://api.github.com/users/jhojanalejandro/gists{/gist_id}","starred_url":"https://api.github.com/users/jhojanalejandro/starred{/owner}{/repo}","subscriptions_url":"https://api.github.com/users/jhojanalejandro/subscriptions","organizations_url":"https://api.github.com/users/jhojanalejandro/orgs","repos_url":"https://api.github.com/users/jhojanalejandro/repos","events_url":"https://api.github.com/users/jhojanalejandro/events{/privacy}","received_events_url":"https://api.github.com/users/jhojanalejandro/received_events","type":"User","site_admin":false,"name":null,"company":null,"blog":"","location":null,"email":null,"hireable":null,"bio":null,"twitter_username":null,"public_repos":5,"public_gists":0,"followers":0,"following":0,"created_at":"2019-09-12T13:34:27Z","updated_at":"2021-07-25T06:37:59Z","private_gists":0,"total_private_repos":0,"owned_private_repos":0,"disk_usage":2676,"collaborators":0,"two_factor_authentication":false,"plan":{"name":"free","space":976562499,"collaborators":0,"private_repos":10000}}
[info] 
[info] +  Success! Logged into GitHub as jhojanalejandro 
[info] 
[debug] [2021-07-25T06:55:28.609Z] >>> [apiv2][query] GET https://api.github.com/repos//actions/secrets/public-key type=owner
[debug] [2021-07-25T06:55:28.950Z] <<< [apiv2][status] GET https://api.github.com/repos//actions/secrets/public-key 404
[debug] [2021-07-25T06:55:28.950Z] <<< [apiv2][body] GET https://api.github.com/repos//actions/secrets/public-key {"message":"Not Found","documentation_url":"https://docs.github.com/rest"}
[debug] [2021-07-25T06:55:29.095Z] >>> [apiv2][query] GET https://api.github.com/repos//actions/secrets/public-key type=owner
[debug] [2021-07-25T06:55:29.375Z] <<< [apiv2][status] GET https://api.github.com/repos//actions/secrets/public-key 404
[debug] [2021-07-25T06:55:29.375Z] <<< [apiv2][body] GET https://api.github.com/repos//actions/secrets/public-key {"message":"Not Found","documentation_url":"https://docs.github.com/rest"}
[debug] [2021-07-25T06:55:29.382Z] >>> [apiv2][query] GET https://api.github.com/repos//actions/secrets/public-key type=owner
[debug] [2021-07-25T06:55:29.670Z] <<< [apiv2][status] GET https://api.github.com/repos//actions/secrets/public-key 404
[debug] [2021-07-25T06:55:29.670Z] <<< [apiv2][body] GET https://api.github.com/repos//actions/secrets/public-key {"message":"Not Found","documentation_url":"https://docs.github.com/rest"}
[debug] [2021-07-25T06:55:30.907Z] >>> [apiv2][query] GET https://api.github.com/repos/Y/actions/secrets/public-key type=owner
[debug] [2021-07-25T06:55:31.212Z] <<< [apiv2][status] GET https://api.github.com/repos/Y/actions/secrets/public-key 404
[debug] [2021-07-25T06:55:31.212Z] <<< [apiv2][body] GET https://api.github.com/repos/Y/actions/secrets/public-key {"message":"Not Found","documentation_url":"https://docs.github.com/rest"}
[debug] [2021-07-25T06:55:32.232Z] >>> [apiv2][query] GET https://api.github.com/repos/ /actions/secrets/public-key type=owner
[debug] [2021-07-25T06:55:32.530Z] <<< [apiv2][status] GET https://api.github.com/repos/ /actions/secrets/public-key 404
[debug] [2021-07-25T06:55:32.531Z] <<< [apiv2][body] GET https://api.github.com/repos/ /actions/secrets/public-key {"message":"Not Found","documentation_url":"https://docs.github.com/rest"}
[debug] [2021-07-25T06:55:33.808Z] >>> [apiv2][query] GET https://api.github.com/repos/ /actions/secrets/public-key type=owner
[debug] [2021-07-25T06:55:34.120Z] <<< [apiv2][status] GET https://api.github.com/repos/ /actions/secrets/public-key 404
[debug] [2021-07-25T06:55:34.120Z] <<< [apiv2][body] GET https://api.github.com/repos/ /actions/secrets/public-key {"message":"Not Found","documentation_url":"https://docs.github.com/rest"}
